<?xml version="1.0" encoding="UTF-8"?>
<!DOCTYPE properties SYSTEM "http://java.sun.com/dtd/properties.dtd">
<properties version="1.0">
  <comment>Sample test run arguments (ets-ogcapi-processes10)</comment>
  <entry key="iut">http://tb17.geolabs.fr:8111/ogc-api</entry>
  <entry key="echoprocessid">echo</entry>
  <entry key="testAllProcesses">false</entry>
  <entry key="processTestLimit">3</entry>
</properties>
